- 0:0:0:0:0:0:0:1 - [20/Apr/2020:16:56:14 +0800] GET /IM/test/insert 404 306 309
- 0:0:0:0:0:0:0:1 - [20/Apr/2020:16:56:15 +0800] GET /favicon.ico 404 143 227
- 0:0:0:0:0:0:0:1 - [20/Apr/2020:16:56:50 +0800] POST /test/insert 200 - 64
- 0:0:0:0:0:0:0:1 - [20/Apr/2020:16:56:59 +0800] POST /IM/test/insert 404 146 23
- 0:0:0:0:0:0:0:1 - [20/Apr/2020:16:57:30 +0800] POST /test/insert 200 - 4
- 0:0:0:0:0:0:0:1 - [20/Apr/2020:17:00:27 +0800] POST /test/insert 200 - 5
- 0:0:0:0:0:0:0:1 - [20/Apr/2020:17:00:46 +0800] POST /IM/test/insert 404 146 11
- 0:0:0:0:0:0:0:1 - [20/Apr/2020:17:00:50 +0800] POST /IM/test 404 139 12
- 0:0:0:0:0:0:0:1 - [20/Apr/2020:17:00:52 +0800] POST /IM 404 134 11
- 0:0:0:0:0:0:0:1 - [20/Apr/2020:17:01:39 +0800] POST /IM 404 134 7
- 0:0:0:0:0:0:0:1 - [20/Apr/2020:17:01:43 +0800] POST //test/insert 200 - 2
- 0:0:0:0:0:0:0:1 - [20/Apr/2020:17:01:47 +0800] POST /test/insert 200 - 3
- 0:0:0:0:0:0:0:1 - [20/Apr/2020:17:03:00 +0800] POST /test/insert 500 200 107
- 0:0:0:0:0:0:0:1 - [20/Apr/2020:17:03:59 +0800] POST /test/insert 500 200 27
- 0:0:0:0:0:0:0:1 - [20/Apr/2020:17:23:06 +0800] POST /test/insert 500 200 515
- 0:0:0:0:0:0:0:1 - [20/Apr/2020:17:25:31 +0800] POST /test/insert 500 200 45
- 0:0:0:0:0:0:0:1 - [20/Apr/2020:17:26:34 +0800] POST /test/insert 500 200 473
- 0:0:0:0:0:0:0:1 - [20/Apr/2020:17:30:35 +0800] POST /test/insert 500 200 499
- 0:0:0:0:0:0:0:1 - [20/Apr/2020:17:32:24 +0800] POST /test/insert 500 200 28
- 0:0:0:0:0:0:0:1 - [20/Apr/2020:17:32:53 +0800] POST /test/insert 500 200 435
- 0:0:0:0:0:0:0:1 - [20/Apr/2020:17:35:20 +0800] POST /test/insert 500 200 540
- 0:0:0:0:0:0:0:1 - [20/Apr/2020:17:43:51 +0800] POST /test/insert 500 200 472
- 0:0:0:0:0:0:0:1 - [20/Apr/2020:17:51:02 +0800] POST /test/insert 500 864 1996
- 0:0:0:0:0:0:0:1 - [20/Apr/2020:17:52:45 +0800] POST /test/insert 500 1320 1739
- 0:0:0:0:0:0:0:1 - [24/Apr/2020:09:04:24 +0800] POST /test/insert 500 1320 2387
- 0:0:0:0:0:0:0:1 - [24/Apr/2020:09:07:35 +0800] POST /test/insert 500 731 1253
- 0:0:0:0:0:0:0:1 - [24/Apr/2020:09:08:26 +0800] POST /test/insert 500 731 17
- 0:0:0:0:0:0:0:1 - [24/Apr/2020:09:12:00 +0800] POST /test/insert 500 764 1557
- 0:0:0:0:0:0:0:1 - [24/Apr/2020:09:12:43 +0800] POST /test/insert 500 764 40
- 0:0:0:0:0:0:0:1 - [24/Apr/2020:09:23:06 +0800] POST /test/insert 500 8111 1285
- 0:0:0:0:0:0:0:1 - [24/Apr/2020:09:24:03 +0800] POST /test/insert 500 8111 77
- 0:0:0:0:0:0:0:1 - [24/Apr/2020:09:27:03 +0800] POST /test/insert 500 7869 655
- 0:0:0:0:0:0:0:1 - [24/Apr/2020:09:41:13 +0800] POST /test/insert 500 8189 692
- 0:0:0:0:0:0:0:1 - [24/Apr/2020:09:44:50 +0800] POST /test/insert 500 9305 1345
- 0:0:0:0:0:0:0:1 - [24/Apr/2020:09:45:28 +0800] POST /test/insert 200 - 2280
- 0:0:0:0:0:0:0:1 - [24/Apr/2020:09:56:19 +0800] POST /test/insert 500 9305 3527
- 0:0:0:0:0:0:0:1 - [24/Apr/2020:10:05:02 +0800] POST /test/insert 500 9420 70
- 0:0:0:0:0:0:0:1 - [24/Apr/2020:10:05:14 +0800] POST /test/insert 200 - 11
- 0:0:0:0:0:0:0:1 - [24/Apr/2020:10:10:29 +0800] POST /test/insert 200 - 91
- 0:0:0:0:0:0:0:1 - [24/Apr/2020:10:25:04 +0800] POST /test/insert 200 - 707
- 0:0:0:0:0:0:0:1 - [24/Apr/2020:10:26:56 +0800] POST /test/insert 200 - 1330
